<?xml version="1.0" encoding="UTF-8"?>
<!-- Generated by org.testng.reporters.JUnitXMLReporter -->
<testsuite ignored="2" hostname="DESKTOP-73GAQH8" failures="0" tests="3" name="Test" time="0.189" errors="0" timestamp="2021-12-28T10:20:42 IST">
  <testcase classname="com.vtiger.comcast.genericUtility.BaseClass" name="@BeforeSuite dbConnection" time="0.666">
    <failure type="com.mysql.jdbc.exceptions.jdbc4.MySQLSyntaxErrorException" message="Unknown database &amp;apos;project&amp;apos;">
      <![CDATA[com.mysql.jdbc.exceptions.jdbc4.MySQLSyntaxErrorException: Unknown database 'project'
at com.mysql.jdbc.Util.handleNewInstance(Util.java:404)
at com.mysql.jdbc.Util.getInstance(Util.java:387)
at com.mysql.jdbc.SQLError.createSQLException(SQLError.java:939)
at com.mysql.jdbc.MysqlIO.checkErrorPacket(MysqlIO.java:3878)
at com.mysql.jdbc.MysqlIO.checkErrorPacket(MysqlIO.java:3814)
at com.mysql.jdbc.MysqlIO.checkErrorPacket(MysqlIO.java:871)
at com.mysql.jdbc.MysqlIO.proceedHandshakeWithPluggableAuthentication(MysqlIO.java:1694)
at com.mysql.jdbc.MysqlIO.doHandshake(MysqlIO.java:1215)
at com.mysql.jdbc.ConnectionImpl.coreConnect(ConnectionImpl.java:2255)
at com.mysql.jdbc.ConnectionImpl.connectOneTryOnly(ConnectionImpl.java:2286)
at com.mysql.jdbc.ConnectionImpl.createNewIO(ConnectionImpl.java:2085)
at com.mysql.jdbc.ConnectionImpl.<init>(ConnectionImpl.java:795)
at com.mysql.jdbc.JDBC4Connection.<init>(JDBC4Connection.java:44)
at com.mysql.jdbc.Util.handleNewInstance(Util.java:404)
at com.mysql.jdbc.ConnectionImpl.getInstance(ConnectionImpl.java:400)
at com.mysql.jdbc.NonRegisteringDriver.connect(NonRegisteringDriver.java:327)
at java.sql/java.sql.DriverManager.getConnection(DriverManager.java:681)
at java.sql/java.sql.DriverManager.getConnection(DriverManager.java:229)
at com.vtiger.comcast.genericUtility.DataBaseUtility.CreateJdbcConnection(DataBaseUtility.java:28)
at com.vtiger.comcast.genericUtility.BaseClass.dbConnection(BaseClass.java:31)
... Removed 29 stack frames]]>
    </failure>
  </testcase> <!-- @BeforeSuite dbConnection -->
  <testcase classname="com.vtiger.comcast.genericUtility.BaseClass" name="@BeforeClass launchBrowser" time="-1.640667042128E9">
    <skipped/>
  </testcase> <!-- @BeforeClass launchBrowser -->
  <testcase classname="com.vtiger.comcast.genericUtility.BaseClass" name="@BeforeMethod loginToApp" time="-1.640667042157E9">
    <skipped/>
  </testcase> <!-- @BeforeMethod loginToApp -->
  <testcase classname="com.vtiger.comcast.genericUtility.BaseClass" name="@AfterMethod logoutTheApp" time="-1.640667042188E9">
    <skipped/>
  </testcase> <!-- @AfterMethod logoutTheApp -->
  <testcase classname="com.vtiger.comcast.genericUtility.BaseClass" name="@BeforeMethod loginToApp" time="-1.640667042196E9">
    <skipped/>
  </testcase> <!-- @BeforeMethod loginToApp -->
  <testcase classname="com.vtiger.comcast.genericUtility.BaseClass" name="@AfterMethod logoutTheApp" time="-1.640667042217E9">
    <skipped/>
  </testcase> <!-- @AfterMethod logoutTheApp -->
  <testcase classname="com.vtiger.comcast.genericUtility.BaseClass" name="@AfterClass closeBrowser" time="-1.640667042232E9">
    <skipped/>
  </testcase> <!-- @AfterClass closeBrowser -->
  <testcase classname="com.vtiger.comcast.genericUtility.BaseClass" name="@BeforeClass launchBrowser" time="-1.640667042245E9">
    <skipped/>
  </testcase> <!-- @BeforeClass launchBrowser -->
  <testcase classname="com.vtiger.comcast.genericUtility.BaseClass" name="@BeforeMethod loginToApp" time="-1.640667042249E9">
    <skipped/>
  </testcase> <!-- @BeforeMethod loginToApp -->
  <testcase classname="com.vtiger.comcast.genericUtility.BaseClass" name="@AfterMethod logoutTheApp" time="-1.64066704227E9">
    <skipped/>
  </testcase> <!-- @AfterMethod logoutTheApp -->
  <testcase classname="com.vtiger.comcast.genericUtility.BaseClass" name="@AfterClass closeBrowser" time="-1.640667042275E9">
    <skipped/>
  </testcase> <!-- @AfterClass closeBrowser -->
  <testcase classname="practise.CreateOrgTestNg" name="Demo" time="0.0">
    <skipped/>
  </testcase> <!-- Demo -->
  <testcase classname="practise.CreateOrgTestNg" name="createOrgTestNG" time="0.0">
    <skipped/>
  </testcase> <!-- createOrgTestNG -->
  <testcase classname="practise.CreateContactTestNg" name="CreateContect" time="0.0">
    <skipped/>
  </testcase> <!-- CreateContect -->
  <testcase classname="com.vtiger.comcast.genericUtility.BaseClass" name="@BeforeSuite dbConnection" time="0.0">
    <ignored/>
  </testcase> <!-- @BeforeSuite dbConnection -->
  <testcase classname="com.vtiger.comcast.genericUtility.BaseClass" name="@AfterSuite closeDbConnection" time="0.0">
    <ignored/>
  </testcase> <!-- @AfterSuite closeDbConnection -->
</testsuite> <!-- Test -->
